        0.02000       -1.40000
        0.04000      -10.80000
        0.06000      -10.10000
        0.08000       -8.80000
        0.10000       -9.50000
        0.12000      -12.00000
        0.14000      -14.20000
        0.16000      -12.80000
        0.18000      -11.00000
        0.20000       -8.50000
        0.22000       -8.50000
        0.24000      -13.10000
        0.26000      -17.60000
        0.28000      -19.40000
        0.30000      -16.20000
        0.32000      -14.40000
        0.34000      -10.80000
        0.36000       -8.20000
        0.38000       -4.20000
        0.40000       -6.60000
        0.42000      -13.10000
        0.44000      -19.00000
        0.46000      -19.60000
        0.48000       -6.60000
        0.50000        3.00000
        0.52000       14.10000
        0.54000       -4.90000
        0.56000      -12.80000
        0.58000      -14.40000
        0.60000      -20.30000
        0.62000      -26.00000
        0.64000      -32.50000
        0.66000      -30.60000
        0.68000      -17.20000
        0.70000      -19.70000
        0.72000      -16.30000
        0.74000      -16.40000
        0.76000       -6.70000
        0.78000        2.50000
        0.80000       15.00000
        0.82000       23.60000
        0.84000       25.20000
        0.86000       33.60000
        0.88000       46.30000
        0.90000       49.20000
        0.92000       41.90000
        0.94000       35.90000
        0.96000       27.10000
        0.98000       23.50000
        1.00000       33.90000
        1.02000       41.20000
        1.04000       53.00000
        1.06000       63.90000
        1.08000       73.20000
        1.10000       65.20000
        1.12000       59.90000
        1.14000       40.00000
        1.16000       40.00000
        1.18000        6.30000
        1.20000      -51.50000
        1.22000      -78.70000
        1.24000      -60.30000
        1.26000      -48.40000
        1.28000      -25.00000
        1.30000       -5.90000
        1.32000       13.40000
        1.34000       30.80000
        1.36000       49.90000
        1.38000       71.00000
        1.40000       99.50000
        1.42000      121.90000
        1.44000      152.89999
        1.46000      144.89999
        1.48000      115.50000
        1.50000       93.50000
        1.52000       89.20000
        1.54000       92.60000
        1.56000       83.90000
        1.58000       90.10000
        1.60000       99.30000
        1.62000      120.90000
        1.64000       32.80000
        1.66000     -147.50000
        1.68000     -206.60001
        1.70000     -198.89999
        1.72000     -203.39999
        1.74000     -181.60001
        1.76000     -172.50000
        1.78000     -175.20000
        1.80000     -175.30000
        1.82000     -180.50000
        1.84000     -163.00000
        1.86000     -134.70000
        1.88000     -108.70000
        1.90000      -78.20000
        1.92000      -42.90000
        1.94000       -1.70000
        1.96000       36.00000
        1.98000       78.50000
        2.00000      116.40000
        2.02000      159.80000
        2.04000      196.00000
        2.06000      241.20000
        2.08000      272.89999
        2.10000      303.60001
        2.12000      320.00000
        2.14000      341.70001
        2.16000      282.10001
        2.18000      232.39999
        2.20000     -119.80000
        2.22000     -237.30000
        2.24000     -164.00000
        2.26000     -186.50000
        2.28000     -109.50000
        2.30000      -75.30000
        2.32000      -17.30000
        2.34000       11.30000
        2.36000       53.30000
        2.38000       89.50000
        2.40000      118.60000
        2.42000      175.70000
        2.44000       57.60000
        2.46000     -263.10001
        2.48000     -154.70000
        2.50000     -172.89999
        2.52000     -101.20000
        2.54000      -57.90000
        2.56000       23.70000
        2.58000      -67.00000
        2.60000     -198.00000
        2.62000     -164.10001
        2.64000     -168.50000
        2.66000     -148.10001
        2.68000     -123.10000
        2.70000     -100.10000
        2.72000      -75.10000
        2.74000      -52.30000
        2.76000      -27.10000
        2.78000       -4.40000
        2.80000       18.80000
        2.82000       -9.50000
        2.84000      -43.30000
        2.86000      -83.80000
        2.88000      -95.10000
        2.90000      -71.60000
        2.92000      -59.90000
        2.94000      -33.40000
        2.96000      -10.80000
        2.98000       18.50000
        3.00000       42.00000
        3.02000       67.30000
        3.04000       -9.70000
        3.06000      -37.20000
        3.08000       -4.00000
        3.10000        1.10000
        3.12000       34.40000
        3.14000       56.50000
        3.16000       88.30000
        3.18000      113.00000
        3.20000      136.30000
        3.22000       21.90000
        3.24000       24.10000
        3.26000       68.30000
        3.28000       68.90000
        3.30000      131.80000
        3.32000      135.30000
        3.34000      204.00000
        3.36000      -93.10000
        3.38000     -130.80000
        3.40000      -69.20000
        3.42000      -54.60000
        3.44000        7.20000
        3.46000       67.50000
        3.48000     -106.70000
        3.50000     -148.80000
        3.52000     -107.10000
        3.54000     -116.20000
        3.56000      -76.20000
        3.58000      -55.90000
        3.60000      -21.50000
        3.62000      -12.60000
        3.64000      -67.40000
        3.66000      -32.40000
        3.68000      -33.70000
        3.70000      -10.90000
        3.72000        1.70000
        3.74000       29.90000
        3.76000       48.80000
        3.78000       60.80000
        3.80000       22.20000
        3.82000       -3.20000
        3.84000      -24.50000
        3.86000        7.70000
        3.88000       21.10000
        3.90000       56.80000
        3.92000       82.60000
        3.94000      120.60000
        3.96000      147.80000
        3.98000      173.70000
        4.00000       42.10000
        4.02000        2.90000
        4.04000       25.90000
        4.06000       29.30000
        4.08000       -5.50000
        4.10000      -14.70000
        4.12000       14.30000
        4.14000       20.60000
        4.16000       49.90000
        4.18000       64.50000
        4.20000       95.70000
        4.22000      112.80000
        4.24000      144.70000
        4.26000      162.89999
        4.28000      194.50000
        4.30000      185.60001
        4.32000      198.39999
        4.34000      176.89999
        4.36000      125.00000
        4.38000     -120.70000
        4.40000      -54.20000
        4.42000      -38.40000
        4.44000      -31.10000
        4.46000     -111.80000
        4.48000     -166.10001
        4.50000     -246.39999
        4.52000     -202.50000
        4.54000     -183.50000
        4.56000     -131.70000
        4.58000      -96.00000
        4.60000      -32.50000
        4.62000       15.40000
        4.64000       81.60000
        4.66000      131.89999
        4.68000      181.80000
        4.70000       -5.80000
        4.72000      -16.90000
        4.74000       28.50000
        4.76000       44.70000
        4.78000       98.30000
        4.80000      142.39999
        4.82000      185.30000
        4.84000      245.60001
        4.86000      168.50000
        4.88000     -138.00000
        4.90000      -99.90000
        4.92000     -108.90000
        4.94000      -90.70000
        4.96000      -46.90000
        4.98000     -125.00000
        5.00000     -211.10001
        5.02000     -161.70000
        5.04000     -169.20000
        5.06000     -130.60001
        5.08000     -111.10000
        5.10000      -77.30000
        5.12000      -51.00000
        5.14000      -54.40000
        5.16000     -120.00000
        5.18000     -120.90000
        5.20000     -115.80000
        5.22000     -114.50000
        5.24000      -71.70000
        5.26000      -54.60000
        5.28000        6.40000
        5.30000      -80.40000
        5.32000     -163.39999
        5.34000      -85.90000
        5.36000      -96.10000
        5.38000      -39.60000
        5.40000      -14.70000
        5.42000       31.90000
        5.44000       64.80000
        5.46000       87.60000
        5.48000       47.20000
        5.50000       19.80000
        5.52000       -2.70000
        5.54000       29.20000
        5.56000       44.50000
        5.58000       78.50000
        5.60000      103.30000
        5.62000      135.20000
        5.64000      160.60001
        5.66000      186.10001
        5.68000      128.10001
        5.70000       64.00000
        5.72000       20.40000
        5.74000       31.40000
        5.76000       37.30000
        5.78000       49.60000
        5.80000       23.50000
        5.82000       -8.40000
        5.84000      -16.80000
        5.86000      -11.30000
        5.88000      -22.90000
        5.90000      -24.80000
        5.92000      -15.70000
        5.94000       -6.90000
        5.96000       14.70000
        5.98000       37.90000
        6.00000       57.90000
        6.02000       25.50000
        6.04000       -4.10000
        6.06000      -42.80000
        6.08000      -13.30000
        6.10000        9.50000
        6.12000       23.00000
        6.14000      -12.90000
        6.16000       -5.00000
        6.18000        8.00000
        6.20000       21.00000
        6.22000       38.00000
        6.24000       51.00000
        6.26000       15.70000
        6.28000       -3.20000
        6.30000      -11.10000
        6.32000        0.50000
        6.34000        7.60000
        6.36000        3.50000
        6.38000       -9.50000
        6.40000       -3.60000
        6.42000       -1.60000
        6.44000        3.80000
        6.46000        8.50000
        6.48000       -5.60000
        6.50000      -30.40000
        6.52000      -42.10000
        6.54000      -24.40000
        6.56000      -23.60000
        6.58000      -17.70000
        6.60000      -12.90000
        6.62000       -1.80000
        6.64000       20.30000
        6.66000      -10.80000
        6.68000       -9.10000
        6.70000       -3.40000
        6.72000      -10.60000
        6.74000      -11.10000
        6.76000       -9.90000
        6.78000       -0.20000
        6.80000        7.30000
        6.82000       23.50000
        6.84000       35.50000
        6.86000       70.50000
        6.88000       77.90000
        6.90000       18.40000
        6.92000      -26.30000
        6.94000      -12.40000
        6.96000       -4.20000
        6.98000       15.90000
        7.00000        4.80000
        7.02000      -21.90000
        7.04000      -46.70000
        7.06000      -42.80000
        7.08000      -21.60000
        7.10000       -4.30000
        7.12000       15.90000
        7.14000       32.00000
        7.16000       41.90000
        7.18000       12.30000
        7.20000      -16.00000
        7.22000      -20.40000
        7.24000       -8.20000
        7.26000      -20.60000
        7.28000      -13.70000
        7.30000       -5.50000
        7.32000        5.30000
        7.34000       13.40000
        7.36000       26.60000
        7.38000       23.20000
        7.40000        7.90000
        7.42000       -0.80000
        7.44000       20.00000
        7.46000       43.50000
        7.48000       49.20000
        7.50000       19.10000
        7.52000        9.20000
        7.54000       -2.20000
        7.56000       -2.10000
        7.58000        5.20000
        7.60000        9.30000
        7.62000       25.50000
        7.64000       36.80000
        7.66000       52.50000
        7.68000       54.10000
        7.70000       42.50000
        7.72000       39.80000
        7.74000       55.90000
        7.76000       75.60000
        7.78000       36.50000
        7.80000       41.10000
        7.82000        9.80000
        7.84000      -20.40000
        7.86000      -24.90000
        7.88000      -40.50000
        7.90000      -41.30000
        7.92000      -47.10000
        7.94000      -43.30000
        7.96000      -45.80000
        7.98000       -5.70000
        8.00000       17.80000
        8.02000      -20.80000
        8.04000      -49.20000
        8.06000      -53.00000
        8.08000      -36.20000
        8.10000      -40.50000
        8.12000      -30.80000
        8.14000      -31.60000
        8.16000      -26.50000
        8.18000      -26.50000
        8.20000      -26.90000
        8.22000      -34.50000
        8.24000      -30.90000
        8.26000      -21.70000
        8.28000       -7.80000
        8.30000        8.70000
        8.32000       28.10000
        8.34000       31.00000
        8.36000       35.80000
        8.38000       34.10000
        8.40000       35.80000
        8.42000       28.70000
        8.44000       30.50000
        8.46000       11.20000
        8.48000       21.40000
        8.50000       13.60000
        8.52000       38.40000
        8.54000      -86.10000
        8.56000     -134.89999
        8.58000     -134.20000
        8.60000     -135.39999
        8.62000     -119.30000
        8.64000     -104.20000
        8.66000      -82.90000
        8.68000      -65.10000
        8.70000      -44.40000
        8.72000      -25.80000
        8.74000       -6.00000
        8.76000       -9.10000
        8.78000      -18.20000
        8.80000      -14.70000
        8.82000        8.50000
        8.84000       16.30000
        8.86000        5.00000
        8.88000       26.40000
        8.90000       58.20000
        8.92000       86.70000
        8.94000      120.00000
        8.96000      169.50000
        8.98000      111.10000
        9.00000     -110.00000
        9.02000      -36.60000
        9.04000      -44.50000
        9.06000      -23.60000
        9.08000      -96.00000
        9.10000      -65.60000
        9.12000      -59.70000
        9.14000      -67.00000
        9.16000      -55.20000
        9.18000       -2.70000
        9.20000       37.80000
        9.22000      107.20000
        9.24000      166.89999
        9.26000       94.70000
        9.28000       40.80000
        9.30000       66.70000
        9.32000       13.20000
        9.34000       -9.50000
        9.36000      -52.00000
        9.38000      -82.70000
        9.40000     -115.20000
        9.42000     -115.00000
        9.44000      -80.30000
        9.46000      -36.90000
        9.48000        2.90000
        9.50000       54.50000
        9.52000      117.80000
        9.54000      161.00000
        9.56000      -27.00000
        9.58000        3.40000
        9.60000       -5.60000
        9.62000        2.00000
        9.64000       14.60000
        9.66000       53.70000
        9.68000       79.80000
        9.70000      -20.50000
        9.72000      -59.00000
        9.74000      -16.90000
        9.76000      -17.50000
        9.78000       -2.80000
        9.80000        7.40000
        9.82000       38.20000
        9.84000       56.70000
        9.86000       75.30000
        9.88000       80.10000
        9.90000       59.20000
        9.92000       30.40000
        9.94000        2.30000
        9.96000        6.40000
        9.98000      -40.60000
       10.00000      -45.10000
       10.02000       -7.90000
       10.04000       16.80000
       10.06000       56.70000
       10.08000        9.30000
       10.10000       -5.50000
       10.12000        4.40000
       10.14000      -12.30000
       10.16000      -28.20000
       10.18000      -43.70000
       10.20000      -35.20000
       10.22000      -25.50000
       10.24000      -11.10000
       10.26000       20.50000
       10.28000       51.90000
       10.30000       85.40000
       10.32000      114.40000
       10.34000       73.30000
       10.36000       23.70000
       10.38000      -36.80000
       10.40000      -27.10000
       10.42000      -21.70000
       10.44000      -87.30000
       10.46000      -97.30000
       10.48000      -58.90000
       10.50000      -33.60000
       10.52000        7.70000
       10.54000       25.90000
       10.56000       50.80000
       10.58000       36.10000
       10.60000        8.10000
       10.62000       -5.60000
       10.64000      -20.90000
       10.66000      -31.70000
       10.68000      -23.80000
       10.70000      -37.60000
       10.72000      -55.00000
       10.74000      -72.20000
       10.76000      -80.30000
       10.78000      -52.30000
       10.80000      -34.00000
       10.82000       -1.10000
       10.84000        6.50000
       10.86000       -3.70000
       10.88000       -0.50000
       10.90000      -16.80000
       10.92000      -41.00000
       10.94000       -8.00000
       10.96000        7.90000
       10.98000       37.40000
       11.00000       61.50000
       11.02000       66.50000
       11.04000       25.40000
       11.06000       -5.70000
       11.08000      -47.40000
       11.10000      -35.60000
       11.12000      -24.30000
       11.14000       -4.80000
       11.16000       12.60000
       11.18000       37.90000
       11.20000       24.10000
       11.22000      -22.70000
       11.24000      -42.80000
       11.26000      -67.90000
       11.28000      -66.10000
       11.30000      -59.00000
       11.32000      -51.30000
       11.34000      -40.80000
       11.36000      -30.90000
       11.38000      -26.60000
       11.40000      -54.10000
       11.42000      -62.80000
       11.44000      -90.80000
       11.46000     -110.70000
       11.48000      -88.10000
       11.50000      -77.00000
       11.52000      -58.20000
       11.54000      -47.30000
       11.56000      -33.30000
       11.58000      -19.90000
       11.60000        2.00000
       11.62000       21.10000
       11.64000       43.20000
       11.66000       61.30000
       11.68000       76.70000
       11.70000       93.30000
       11.72000      106.60000
       11.74000      113.00000
       11.76000      118.70000
       11.78000      124.70000
       11.80000      133.39999
       11.82000      159.39999
       11.84000      179.70000
       11.86000      203.70000
       11.88000      123.60000
       11.90000       44.20000
       11.92000      -14.00000
       11.94000      -66.60000
       11.96000      -55.50000
       11.98000      -69.30000
       12.00000      -98.40000
       12.02000     -124.60000
       12.04000     -117.90000
       12.06000     -105.00000
       12.08000      -92.00000
       12.10000      -74.30000
       12.12000      -80.90000
       12.14000      -85.00000
       12.16000      -86.00000
       12.18000      -86.30000
       12.20000      -87.30000
       12.22000      -86.80000
       12.24000      -88.50000
       12.26000      -53.70000
       12.28000        5.20000
       12.30000       21.50000
       12.32000       24.50000
       12.34000       58.00000
       12.36000       31.40000
       12.38000       23.60000
       12.40000       48.50000
       12.42000       58.90000
       12.44000       52.50000
       12.46000       35.50000
       12.48000       19.70000
       12.50000       19.90000
       12.52000       49.20000
       12.54000       34.30000
       12.56000       28.80000
       12.58000       43.20000
       12.60000       23.90000
       12.62000        8.80000
       12.64000        7.70000
       12.66000      -14.80000
       12.68000       -7.70000
       12.70000       -1.90000
       12.72000        7.50000
       12.74000        4.40000
       12.76000      -14.50000
       12.78000      -31.60000
       12.80000      -24.10000
       12.82000       -2.80000
       12.84000       18.20000
       12.86000       42.60000
       12.88000       43.90000
       12.90000       51.20000
       12.92000       46.60000
       12.94000       47.90000
       12.96000       19.30000
       12.98000       22.20000
       13.00000       27.40000
       13.02000       39.30000
       13.04000       50.40000
       13.06000       57.70000
       13.08000       58.80000
       13.10000       82.20000
       13.12000       79.70000
       13.14000       94.90000
       13.16000       34.50000
       13.18000        4.50000
       13.20000      -12.30000
       13.22000      -34.70000
       13.24000      -42.60000
       13.26000      -41.60000
       13.28000      -27.50000
       13.30000      -27.00000
       13.32000        7.40000
       13.34000       42.80000
       13.36000      -23.10000
       13.38000      -38.70000
       13.40000       -8.30000
       13.42000       13.90000
       13.44000       44.50000
       13.46000        2.70000
       13.48000      -69.70000
       13.50000      -79.60000
       13.52000      -25.10000
       13.54000      -13.50000
       13.56000        7.90000
       13.58000      -11.50000
       13.60000      -25.10000
       13.62000      -33.30000
       13.64000      -26.90000
       13.66000      -30.10000
       13.68000      -20.00000
       13.70000       -6.70000
       13.72000       -3.80000
       13.74000       10.50000
       13.76000       29.60000
       13.78000       34.40000
       13.80000       95.70000
       13.82000       89.80000
       13.84000       17.90000
       13.86000      -36.20000
       13.88000      -99.40000
       13.90000      -80.70000
       13.92000      -74.40000
       13.94000      -53.90000
       13.96000      -33.00000
       13.98000      -12.80000
       14.00000        3.10000
       14.02000       14.80000
       14.04000       50.80000
       14.06000       -2.20000
       14.08000      -48.90000
       14.10000      -35.80000
       14.12000      -69.10000
       14.14000      -51.60000
       14.16000      -37.10000
       14.18000        8.80000
       14.20000       63.20000
       14.22000       84.10000
       14.24000      127.60000
       14.26000      138.80000
       14.28000      119.30000
       14.30000       75.10000
       14.32000       22.50000
       14.34000       -8.80000
       14.36000      -22.70000
       14.38000        7.40000
       14.40000       18.10000
       14.42000       54.40000
       14.44000       39.90000
       14.46000        4.50000
       14.48000       -8.20000
       14.50000      -18.50000
       14.52000       -2.00000
       14.54000        0.60000
       14.56000      -11.70000
       14.58000      -21.00000
       14.60000      -30.30000
       14.62000      -51.20000
       14.64000      -72.70000
       14.66000      -57.90000
       14.68000      -26.60000
       14.70000      -17.80000
       14.72000        4.00000
       14.74000        9.80000
       14.76000       13.70000
       14.78000       22.10000
       14.80000       43.70000
       14.82000        9.10000
       14.84000      -54.80000
       14.86000      -55.50000
       14.88000      -24.30000
       14.90000       -8.10000
       14.92000       25.00000
       14.94000       41.00000
       14.96000       18.20000
       14.98000       -2.70000
       15.00000      -24.30000
       15.02000       -1.50000
       15.04000       24.70000
       15.06000       48.20000
       15.08000       78.30000
       15.10000       62.20000
       15.12000       33.10000
       15.14000       -1.40000
       15.16000      -19.50000
       15.18000      -24.70000
       15.20000      -21.20000
       15.22000      -11.00000
       15.24000        5.00000
       15.26000       24.10000
       15.28000       -3.40000
       15.30000      -21.60000
       15.32000      -47.10000
       15.34000      -36.30000
       15.36000      -19.50000
       15.38000       -1.80000
       15.40000       17.00000
       15.42000       -8.00000
       15.44000        0.50000
       15.46000       23.00000
       15.48000       37.40000
       15.50000       60.10000
       15.52000       51.60000
       15.54000       43.20000
       15.56000       34.40000
       15.58000       50.50000
       15.60000       65.30000
       15.62000       68.30000
       15.64000       17.20000
       15.66000      -17.00000
       15.68000      -52.70000
       15.70000      -66.40000
       15.72000      -38.70000
       15.74000      -22.20000
       15.76000       -3.30000
       15.78000       11.90000
       15.80000      -12.80000
       15.82000      -35.10000
       15.84000      -51.40000
       15.86000      -33.50000
       15.88000      -21.80000
       15.90000       -1.20000
       15.92000       14.20000
       15.94000        7.00000
       15.96000       -6.30000
       15.98000      -12.00000
       16.00000      -32.20000
       16.02000      -34.60000
       16.04000       -9.10000
       16.06000        7.30000
       16.08000       30.90000
       16.10000       47.20000
       16.12000       60.30000
       16.14000       57.60000
       16.16000       33.00000
       16.18000       -7.30000
       16.20000      -77.70000
       16.22000      -60.80000
       16.24000      -43.80000
       16.26000      -20.90000
       16.28000        3.10000
       16.30000       35.00000
       16.32000       29.30000
       16.34000       12.10000
       16.36000       33.80000
       16.38000       31.70000
       16.40000       25.40000
       16.42000       20.60000
       16.44000       19.80000
       16.46000       17.40000
       16.48000        2.10000
       16.50000      -14.40000
       16.52000      -34.30000
       16.54000      -33.90000
       16.56000      -14.50000
       16.58000       -2.80000
       16.60000       17.00000
       16.62000       -9.60000
       16.64000      -25.50000
       16.66000      -27.90000
       16.68000      -38.80000
       16.70000      -24.20000
       16.72000      -21.50000
       16.74000      -18.20000
       16.76000      -17.40000
       16.78000       -3.80000
       16.80000       -2.70000
       16.82000      -18.50000
       16.84000      -12.30000
       16.86000        8.70000
       16.88000       34.30000
       16.90000       69.50000
       16.92000       91.00000
       16.94000       85.30000
       16.96000       76.00000
       16.98000       51.30000
       17.00000       18.60000
       17.02000        1.50000
       17.04000      -19.00000
       17.06000      -15.10000
       17.08000       -7.30000
       17.10000        2.10000
       17.12000       12.90000
       17.14000       21.50000
       17.16000        2.40000
       17.18000      -12.40000
       17.20000      -32.90000
       17.22000      -51.90000
       17.24000      -70.80000
       17.26000      -57.90000
       17.28000      -46.20000
       17.30000      -30.70000
       17.32000      -14.50000
       17.34000       -0.90000
       17.36000      -18.00000
       17.38000      -31.80000
       17.40000      -46.50000
       17.42000      -39.10000
       17.44000      -34.50000
       17.46000      -31.60000
       17.48000      -43.50000
       17.50000      -49.10000
       17.52000      -47.50000
       17.54000      -42.00000
       17.56000      -36.10000
       17.58000      -27.70000
       17.60000      -25.80000
       17.62000      -13.90000
       17.64000       -6.80000
       17.66000       50.70000
       17.68000       72.20000
       17.70000       87.80000
       17.72000       78.20000
       17.74000       76.50000
       17.76000       43.90000
       17.78000        8.00000
       17.80000        1.30000
       17.82000      -12.60000
       17.84000       -1.50000
       17.86000        3.00000
       17.88000       10.40000
       17.90000       10.40000
       17.92000       19.30000
       17.94000       20.50000
       17.96000        7.40000
       17.98000       -5.60000
       18.00000       -7.20000
       18.02000        7.00000
       18.04000       10.60000
       18.06000       14.70000
       18.08000       -0.90000
       18.10000      -15.90000
       18.12000      -18.70000
       18.14000       -0.70000
       18.16000       15.50000
       18.18000       10.50000
       18.20000      -11.50000
       18.22000      -30.20000
       18.24000      -30.90000
       18.26000       -9.50000
       18.28000       -5.80000
       18.30000        0.40000
       18.32000        2.00000
       18.34000        5.00000
       18.36000        5.70000
       18.38000        9.70000
       18.40000       13.40000
       18.42000       17.70000
       18.44000       21.80000
       18.46000       26.10000
       18.48000       30.20000
       18.50000       34.60000
       18.52000       38.60000
       18.54000       47.40000
       18.56000       39.30000
       18.58000       23.80000
       18.60000       11.50000
       18.62000       -7.90000
       18.64000      -12.40000
       18.66000        5.40000
       18.68000        2.70000
       18.70000      -25.00000
       18.72000      -56.60000
       18.74000      -63.00000
       18.76000      -59.10000
       18.78000      -41.30000
       18.80000       -6.80000
       18.82000       27.20000
       18.84000       27.70000
       18.86000       -2.10000
       18.88000       -6.00000
       18.90000      -11.00000
       18.92000      -22.10000
       18.94000      -41.60000
       18.96000      -51.90000
       18.98000      -22.20000
       19.00000        3.00000
       19.02000        7.90000
       19.04000       13.90000
       19.06000       17.10000
       19.08000       25.30000
       19.10000       32.30000
       19.12000       39.10000
       19.14000       16.40000
       19.16000      -13.60000
       19.18000      -32.30000
       19.20000      -29.10000
       19.22000      -28.70000
       19.24000      -30.40000
       19.26000      -33.90000
       19.28000      -24.50000
       19.30000       -7.60000
       19.32000       12.50000
       19.34000       37.60000
       19.36000       40.20000
       19.38000       24.50000
       19.40000       15.60000
       19.42000       -4.00000
       19.44000      -15.30000
       19.46000      -28.90000
       19.48000      -31.60000
       19.50000      -11.10000
       19.52000        9.40000
       19.54000       33.50000
       19.56000       57.60000
       19.58000       42.40000
       19.60000       14.30000
       19.62000       -0.70000
       19.64000      -13.50000
       19.66000      -27.00000
       19.68000      -34.10000
       19.70000      -35.70000
       19.72000      -39.60000
       19.74000      -40.20000
       19.76000      -48.80000
       19.78000      -48.00000
       19.80000      -40.60000
       19.82000      -40.70000
       19.84000      -35.10000
       19.86000      -18.70000
       19.88000       -5.70000
       19.90000        4.40000
       19.92000       -1.90000
       19.94000       -7.20000
       19.96000      -16.90000
       19.98000      -11.50000
       20.00000       12.60000
       20.02000       35.80000
       20.04000       65.40000
       20.06000       71.60000
       20.08000       76.20000
       20.10000       73.90000
       20.12000       62.80000
       20.14000       48.40000
       20.16000       26.40000
       20.18000       -4.40000
       20.20000      -28.80000
       20.22000      -38.40000
       20.24000      -49.20000
       20.26000      -42.80000
       20.28000      -41.60000
       20.30000      -27.60000
       20.32000       -5.20000
       20.34000       23.70000
       20.36000       42.60000
       20.38000       60.40000
       20.40000       45.20000
       20.42000       28.40000
       20.44000       12.60000
       20.46000       -5.40000
       20.48000      -27.50000
       20.50000      -42.30000
       20.52000      -17.50000
       20.54000        0.10000
       20.56000       25.40000
       20.58000       48.10000
       20.60000       64.10000
       20.62000       55.40000
       20.64000       41.30000
       20.66000       18.40000
       20.68000       -4.80000
       20.70000      -30.30000
       20.72000      -53.10000
       20.74000      -70.80000
       20.76000      -92.80000
       20.78000      -86.30000
       20.80000      -63.10000
       20.82000      -37.60000
       20.84000        8.70000
       20.86000       30.90000
       20.88000       58.90000
       20.90000       61.40000
       20.92000       38.50000
       20.94000       35.10000
       20.96000       31.10000
       20.98000       24.60000
       21.00000        1.90000
       21.02000      -19.80000
       21.04000      -15.80000
       21.06000       -1.50000
       21.08000        9.90000
       21.10000       28.60000
       21.12000       40.80000
       21.14000       56.30000
       21.16000       53.10000
       21.18000       31.40000
       21.20000       16.50000
       21.22000       -2.40000
       21.24000      -18.90000
       21.26000      -27.60000
       21.28000      -37.10000
       21.30000      -45.00000
       21.32000      -53.40000
       21.34000      -48.30000
       21.36000      -37.90000
       21.38000      -29.60000
       21.40000      -19.60000
       21.42000      -18.40000
       21.44000      -15.90000
       21.46000      -11.90000
       21.48000       -5.30000
       21.50000        0.20000
       21.52000        5.90000
       21.54000       -2.30000
       21.56000      -11.20000
       21.58000      -20.50000
       21.60000      -32.20000
       21.62000      -38.80000
       21.64000      -34.10000
       21.66000      -28.70000
       21.68000      -32.80000
       21.70000      -40.70000
       21.72000      -48.70000
       21.74000      -56.30000
       21.76000      -64.40000
       21.78000      -55.50000
       21.80000      -44.60000
       21.82000       -0.80000
       21.84000       25.30000
       21.86000       41.10000
       21.88000       64.40000
       21.90000       57.90000
       21.92000       47.40000
       21.94000       38.40000
       21.96000       38.50000
       21.98000       34.00000
       22.00000       35.70000
       22.02000        0.80000
       22.04000      -25.40000
       22.06000      -46.00000
       22.08000      -47.10000
       22.10000      -22.20000
       22.12000       -6.50000
       22.14000       16.40000
       22.16000       35.50000
       22.18000       50.40000
       22.20000       37.10000
       22.22000       28.00000
       22.24000       15.80000
       22.26000        4.10000
       22.28000       -2.70000
       22.30000        2.10000
       22.32000        4.40000
       22.34000        9.90000
       22.36000       13.50000
       22.38000        9.40000
       22.40000        5.80000
       22.42000        2.20000
       22.44000       -3.10000
       22.46000       -3.10000
       22.48000        0.40000
       22.50000       -2.50000
       22.52000      -12.40000
       22.54000      -23.50000
       22.56000      -40.60000
       22.58000      -53.00000
       22.60000      -70.10000
       22.62000      -32.30000
       22.64000       -5.20000
       22.66000        9.40000
       22.68000       32.80000
       22.70000       47.80000
       22.72000       50.90000
       22.74000       35.80000
       22.76000       34.20000
       22.78000       30.60000
       22.80000       28.50000
       22.82000       26.30000
       22.84000       16.80000
       22.86000       -0.50000
       22.88000      -21.20000
       22.90000      -36.50000
       22.92000      -31.00000
       22.94000      -29.70000
       22.96000      -28.00000
       22.98000      -23.70000
       23.00000      -26.60000
       23.02000      -30.80000
       23.04000      -36.60000
       23.06000      -35.70000
       23.08000      -30.80000
       23.10000      -19.30000
       23.12000        1.90000
       23.14000       19.60000
       23.16000       16.00000
       23.18000       12.90000
       23.20000       14.00000
       23.22000       11.00000
       23.24000       10.80000
       23.26000        9.20000
       23.28000        8.90000
       23.30000        1.90000
       23.32000      -13.10000
       23.34000      -24.70000
       23.36000      -43.60000
       23.38000      -43.20000
       23.40000      -30.00000
       23.42000      -19.20000
       23.44000       -4.80000
       23.46000        9.70000
       23.48000       16.80000
       23.50000       14.80000
       23.52000       17.30000
       23.54000        7.80000
       23.56000       -5.80000
       23.58000      -21.50000
       23.60000      -23.40000
       23.62000        6.00000
       23.64000       26.20000
       23.66000       26.90000
       23.68000        8.40000
       23.70000       -4.10000
       23.72000      -22.70000
       23.74000       -7.60000
       23.76000        3.10000
       23.78000       18.20000
       23.80000       31.00000
       23.82000       47.90000
       23.84000       45.90000
       23.86000       16.60000
       23.88000       -5.80000
       23.90000      -39.60000
       23.92000      -44.40000
       23.94000      -24.10000
       23.96000      -10.10000
       23.98000       21.70000
       24.00000       26.10000
       24.02000       12.10000
       24.04000        0.80000
       24.06000      -16.80000
       24.08000      -38.20000
       24.10000      -56.60000
       24.12000      -78.10000
       24.14000      -61.90000
       24.16000      -25.60000
       24.18000        4.40000
       24.20000       45.60000
       24.22000       78.30000
       24.24000      110.30000
       24.26000       95.30000
       24.28000       48.90000
       24.30000       12.20000
       24.32000      -38.70000
       24.34000      -84.60000
       24.36000     -122.60000
       24.38000      -86.40000
       24.40000      -61.60000
       24.42000      -22.80000
       24.44000       15.00000
       24.46000       47.70000
       24.48000       32.30000
       24.50000       24.80000
       24.52000        9.50000
       24.54000       22.70000
       24.56000       33.80000
       24.58000       50.50000
       24.60000       59.40000
       24.62000       51.90000
       24.64000       55.20000
       24.66000       59.50000
       24.68000       61.70000
       24.70000       59.30000
       24.72000       46.60000
       24.74000       15.80000
       24.76000       -7.70000
       24.78000      -23.00000
       24.80000      -30.30000
       24.82000      -32.90000
       24.84000      -36.40000
       24.86000      -49.00000
       24.88000      -66.00000
       24.90000      -72.30000
       24.92000      -78.40000
       24.94000      -84.60000
       24.96000      -56.60000
       24.98000      -20.90000
       25.00000       12.80000
       25.02000       38.10000
       25.04000       48.80000
       25.06000       36.30000
       25.08000       25.00000
       25.10000       15.80000
       25.12000       37.70000
       25.14000       59.40000
       25.16000       63.00000
       25.18000       37.00000
       25.20000       21.70000
       25.22000        4.00000
       25.24000        2.30000
       25.26000       -6.20000
       25.28000      -28.60000
       25.30000      -38.00000
       25.32000      -45.70000
       25.34000      -50.50000
       25.36000      -77.70000
       25.38000      -62.80000
       25.40000      -18.90000
       25.42000       18.90000
       25.44000       50.90000
       25.46000       74.40000
       25.48000       74.90000
       25.50000       56.20000
       25.52000       45.50000
       25.54000       52.50000
       25.56000       63.50000
       25.58000       73.10000
       25.60000       85.10000
       25.62000       92.70000
       25.64000       97.50000
       25.66000       92.90000
       25.68000       81.40000
       25.70000       26.40000
       25.72000      -28.90000
       25.74000      -90.10000
       25.76000     -136.39999
       25.78000      -85.90000
       25.80000      -46.80000
       25.82000        8.10000
       25.84000       59.40000
       25.86000       82.30000
       25.88000       55.60000
       25.90000       30.10000
       25.92000       -1.10000
       25.94000      -38.00000
       25.96000      -34.70000
       25.98000       -2.00000
       26.00000       18.00000
       26.02000       63.30000
       26.04000      101.30000
       26.06000      112.20000
       26.08000      110.70000
       26.10000       94.00000
       26.12000       80.50000
       26.14000       60.80000
       26.16000       50.80000
       26.18000       20.60000
       26.20000      -20.10000
       26.22000      -57.20000
       26.24000     -102.10000
       26.26000     -133.20000
       26.28000     -122.50000
       26.30000     -120.70000
       26.32000     -100.60000
       26.34000      -76.20000
       26.36000      -54.80000
       26.38000      -48.90000
       26.40000      -40.50000
       26.42000      -29.10000
       26.44000      -17.60000
       26.46000      -14.10000
       26.48000       -9.80000
       26.50000       -5.00000
       26.52000        1.90000
       26.54000        8.00000
       26.56000        3.50000
       26.58000       -2.90000
       26.60000       -6.10000
       26.62000       -3.40000
       26.64000       -1.30000
       26.66000        7.60000
       26.68000       20.50000
       26.70000       32.70000
       26.72000       45.00000
       26.74000       57.70000
       26.76000       56.20000
       26.78000       46.40000
       26.80000       30.00000
       26.82000       10.70000
       26.84000       -0.40000
       26.86000       -3.30000
       26.88000       -6.90000
       26.90000      -10.10000
       26.92000      -20.10000
       26.94000      -18.80000
       26.96000        2.50000
       26.98000       13.40000
       27.00000       24.30000
       27.02000       26.60000
       27.04000       26.50000
       27.06000       15.50000
       27.08000       -1.90000
       27.10000       -9.50000
       27.12000      -21.60000
       27.14000      -16.70000
       27.16000      -12.00000
       27.18000       -6.40000
       27.20000      -12.90000
       27.22000      -16.30000
       27.24000      -19.30000
       27.26000      -24.20000
       27.28000      -23.60000
       27.30000      -17.50000
       27.32000      -12.40000
       27.34000      -18.50000
       27.36000      -26.50000
       27.38000      -32.30000
       27.40000      -33.60000
       27.42000      -45.40000
       27.44000      -43.00000
       27.46000      -33.40000
       27.48000      -21.30000
       27.50000       -6.90000
       27.52000        3.00000
       27.54000        0.30000
       27.56000       -9.30000
       27.58000       -8.90000
       27.60000      -15.00000
       27.62000      -16.40000
       27.64000      -23.80000
       27.66000      -32.30000
       27.68000      -42.10000
       27.70000      -45.70000
       27.72000      -39.70000
       27.74000      -34.90000
       27.76000      -25.80000
       27.78000      -17.20000
       27.80000       -2.00000
       27.82000       15.60000
       27.84000       28.40000
       27.86000       36.20000
       27.88000       35.40000
       27.90000       26.90000
       27.92000       10.10000
       27.94000       -4.50000
       27.96000      -12.50000
       27.98000      -24.50000
       28.00000      -22.90000
       28.02000      -12.60000
       28.04000       -6.80000
       28.06000        1.80000
       28.08000        9.30000
       28.10000       20.00000
       28.12000       28.60000
       28.14000       36.50000
       28.16000       31.10000
       28.18000       18.10000
       28.20000        2.40000
       28.22000      -15.60000
       28.24000      -31.90000
       28.26000      -21.90000
       28.28000      -11.80000
       28.30000        1.50000
       28.32000       15.30000
       28.34000       29.80000
       28.36000       24.30000
       28.38000       13.60000
       28.40000       10.20000
       28.42000        2.40000
       28.44000       -1.00000
       28.46000       -2.30000
       28.48000       -3.60000
       28.50000       -4.80000
       28.52000       -8.90000
       28.54000      -15.50000
       28.56000      -14.80000
       28.58000       -7.60000
       28.60000        0.00000
       28.62000       -2.00000
       28.64000      -14.80000
       28.66000      -22.50000
       28.68000      -37.40000
       28.70000      -36.50000
       28.72000      -25.10000
       28.74000      -16.40000
       28.76000       -1.40000
       28.78000       15.30000
       28.80000       30.20000
       28.82000       39.30000
       28.84000       40.60000
       28.86000       38.50000
       28.88000       32.90000
       28.90000       18.30000
       28.92000       12.50000
       28.94000        7.00000
       28.96000       -0.10000
       28.98000       -6.80000
       29.00000      -13.00000
       29.02000      -12.80000
       29.04000      -11.50000
       29.06000      -10.20000
       29.08000       -8.40000
       29.10000      -14.10000
       29.12000      -20.50000
       29.14000      -26.90000
       29.16000      -35.00000
       29.18000      -35.90000
       29.20000      -29.70000
       29.22000      -22.70000
       29.24000        1.80000
       29.26000        9.90000
       29.28000       20.30000
       29.30000       25.60000
       29.32000       19.90000
       29.34000       16.00000
       29.36000       10.70000
       29.38000       15.60000
       29.40000       19.80000
       29.42000       24.20000
       29.44000       14.10000
       29.46000        5.50000
       29.48000       -6.60000
       29.50000       -9.70000
       29.52000       -2.60000
       29.54000        1.60000
       29.56000       10.00000
       29.58000        9.40000
       29.60000        3.90000
       29.62000        0.00000
       29.64000       -6.60000
       29.66000       -9.90000
       29.68000      -10.90000
       29.70000      -11.50000
       29.72000      -13.10000
       29.74000      -16.80000
       29.76000      -19.90000
       29.78000      -10.40000
       29.80000       -1.00000
       29.82000        5.50000
       29.84000       12.90000
       29.86000       20.00000
       29.88000       19.90000
       29.90000       16.90000
       29.92000       14.30000
       29.94000       10.90000
       29.96000       12.80000
       29.98000       15.20000
       30.00000       13.70000
       30.02000       11.70000
       30.04000        9.70000
       30.06000        6.00000
       30.08000       -2.80000
       30.10000       -5.00000
       30.12000       -8.40000
       30.14000      -17.80000
       30.16000      -32.10000
       30.18000      -42.00000
       30.20000      -51.80000
       30.22000      -47.20000
       30.24000      -39.40000
       30.26000      -29.00000
       30.28000      -11.00000
       30.30000        5.00000
       30.32000       13.20000
       30.34000       15.70000
       30.36000       17.70000
       30.38000       19.50000
       30.40000       25.50000
       30.42000       33.10000
       30.44000       32.80000
       30.46000       25.20000
       30.48000       17.30000
       30.50000        4.50000
       30.52000       -8.50000
       30.54000      -19.00000
       30.56000      -22.90000
       30.58000      -30.40000
       30.60000      -27.70000
       30.62000      -22.70000
       30.64000      -17.40000
       30.66000      -12.10000
       30.68000      -12.60000
       30.70000      -12.90000
       30.72000       -8.00000
       30.74000       -2.60000
       30.76000        3.90000
       30.78000        6.50000
       30.80000        5.50000
       30.82000        5.00000
       30.84000        6.40000
       30.86000       12.60000
       30.88000       17.90000
       30.90000       24.30000
       30.92000       30.70000
       30.94000       29.80000
       30.96000       25.10000
       30.98000       21.60000
       31.00000       16.30000
       31.02000       19.20000
       31.04000       23.40000
       31.06000       28.20000
       31.08000       30.10000
       31.10000       19.60000
       31.12000       10.60000
       31.14000       -3.90000
       31.16000      -16.30000
       31.18000      -32.20000
       31.20000      -33.50000
       31.22000      -21.90000
       31.24000      -14.80000
       31.26000       -1.00000
       31.28000        1.10000
       31.30000       -5.30000
       31.32000      -10.10000
       31.34000      -12.60000
       31.36000      -14.30000
       31.38000      -12.90000
       31.40000      -10.40000
       31.42000       -7.10000
       31.44000       -1.80000
       31.46000        3.30000
       31.48000        8.50000
       31.50000       15.80000
       31.52000       23.90000
       31.54000       31.90000
       31.56000       34.10000
       31.58000       31.80000
       31.60000       21.30000
       31.62000        7.30000
       31.64000        0.90000
       31.66000       -1.50000
       31.68000       -4.70000
       31.70000       -7.50000
       31.72000      -12.10000
       31.74000      -15.60000
       31.76000      -11.60000
       31.78000       -5.60000
       31.80000       -0.60000
       31.82000       -0.30000
       31.84000       -0.30000
       31.86000        1.40000
       31.88000        4.60000
       31.90000        7.20000
       31.92000        8.60000
       31.94000        9.80000
       31.96000       12.40000
       31.98000       14.70000
       32.00000       17.20000
       32.02000       20.00000
       32.04000       25.60000
       32.06000       31.70000
       32.08000       28.70000
       32.10000       23.10000
       32.12000       10.50000
       32.14000       -0.10000
       32.16000       -1.10000
       32.18000       -3.60000
       32.20000       -5.30000
       32.22000       -8.30000
       32.24000       -5.20000
       32.26000       -0.70000
       32.28000        3.70000
       32.30000        9.60000
       32.32000       15.50000
       32.34000       20.50000
       32.36000       14.30000
       32.38000        7.30000
       32.40000        2.10000
       32.42000       -2.20000
       32.44000       -7.00000
       32.46000      -10.00000
       32.48000       -7.50000
       32.50000       -5.40000
       32.52000       -2.90000
       32.54000       -1.50000
       32.56000        0.00000
       32.58000       -0.10000
       32.60000       -0.60000
       32.62000       -1.10000
       32.64000       -1.00000
       32.66000       -0.30000
       32.68000        0.10000
       32.70000        1.60000
       32.72000        5.30000
       32.74000        8.60000
       32.76000       12.60000
       32.78000       15.40000
       32.80000       13.10000
       32.82000       10.20000
       32.84000        5.60000
       32.86000        0.60000
       32.88000       -4.00000
       32.90000       -9.80000
       32.92000       -9.60000
       32.94000       -4.60000
       32.96000       -0.70000
       32.98000        3.10000
       33.00000        4.50000
       33.02000        6.80000
       33.04000        5.20000
       33.06000        4.50000
       33.08000        1.80000
       33.10000       -0.20000
       33.12000       -2.90000
       33.14000       -2.80000
       33.16000       -1.70000
       33.18000       -0.60000
       33.20000       -0.50000
       33.22000       -1.70000
       33.24000       -2.20000
       33.26000       -3.60000
       33.28000       -3.20000
       33.30000       -0.70000
       33.32000        1.40000
       33.34000        4.10000
       33.36000        6.50000
       33.38000        6.30000
       33.40000        5.20000
       33.42000        0.60000
       33.44000       -4.50000
       33.46000       -7.60000
       33.48000       -6.40000
       33.50000       -6.50000
       33.52000      -10.70000
       33.54000      -16.10000
       33.56000      -17.40000
       33.58000      -11.70000
       33.60000       -7.00000
       33.62000       -3.60000
       33.64000       -2.50000
       33.66000       -0.20000
       33.68000        0.40000
       33.70000        3.60000
       33.72000        8.20000
       33.74000       11.50000
       33.76000        7.00000
       33.78000        3.80000
       33.80000       -1.00000
       33.82000       -2.50000
       33.84000       -3.40000
       33.86000       -4.10000
       33.88000       -4.50000
       33.90000       -6.50000
       33.92000      -12.00000
       33.94000      -11.70000
       33.96000      -10.80000
       33.98000       -9.80000
       34.00000       -8.10000
       34.02000       -7.60000
       34.04000      -11.00000
       34.06000      -13.80000
       34.08000      -16.60000
       34.10000      -14.40000
       34.12000      -13.00000
       34.14000      -11.10000
       34.16000      -10.80000
       34.18000       -9.80000
       34.20000       -9.80000
       34.22000       -6.30000
       34.24000       -0.20000
       34.26000        5.40000
       34.28000       11.00000
       34.30000       15.20000
       34.32000       19.70000
       34.34000       17.00000
       34.36000       14.00000
       34.38000       10.30000
       34.40000        6.40000
       34.42000        1.00000
       34.44000       -6.70000
       34.46000      -10.50000
       34.48000      -12.20000
       34.50000      -13.80000
       34.52000      -16.60000
       34.54000      -21.50000
       34.56000      -26.90000
       34.58000      -27.40000
       34.60000      -21.70000
       34.62000      -17.80000
       34.64000      -11.60000
       34.66000       -6.10000
       34.68000        0.00000
       34.70000        5.40000
       34.72000        9.90000
       34.74000       14.40000
       34.76000       18.70000
       34.78000       23.20000
       34.80000       26.20000
       34.82000       25.50000
       34.84000       22.70000
       34.86000       17.10000
       34.88000       12.70000
       34.90000        5.40000
       34.92000       -4.70000
       34.94000      -14.90000
       34.96000      -21.00000
       34.98000      -25.40000
       35.00000      -25.20000
       35.02000      -24.50000
       35.04000      -22.60000
       35.06000      -17.90000
       35.08000      -13.60000
       35.10000       -8.20000
       35.12000       -1.40000
       35.14000        4.40000
       35.16000        8.90000
       35.18000        9.70000
       35.20000       10.00000
       35.22000       10.00000
       35.24000       10.40000
       35.26000       13.60000
       35.28000       12.10000
       35.30000       10.00000
       35.32000        7.20000
       35.34000        1.90000
       35.36000       -2.80000
       35.38000       -8.30000
       35.40000      -13.10000
       35.42000      -19.00000
       35.44000      -19.40000
       35.46000      -13.90000
       35.48000      -10.00000
       35.50000       -4.40000
       35.52000       -4.40000
       35.54000       -4.00000
       35.56000       -4.50000
       35.58000       -4.90000
       35.60000       -3.90000
       35.62000       -2.10000
       35.64000       -2.20000
       35.66000       -1.60000
       35.68000       -1.60000
       35.70000       -1.20000
       35.72000       -1.20000
       35.74000        2.80000
       35.76000        6.80000
       35.78000       11.50000
       35.80000        9.60000
       35.82000        5.60000
       35.84000        1.70000
       35.86000       -3.10000
       35.88000       -7.80000
       35.90000       -9.20000
       35.92000       -9.20000
       35.94000       -9.50000
       35.96000       -9.20000
       35.98000       -8.60000
       36.00000       -5.20000
       36.02000       -2.20000
       36.04000        1.40000
       36.06000        3.80000
       36.08000        3.40000
       36.10000        3.40000
       36.12000        2.90000
       36.14000        4.00000
       36.16000        5.40000
       36.18000        6.70000
       36.20000        8.50000
       36.22000        8.70000
       36.24000        7.70000
       36.26000        7.00000
       36.28000        6.10000
       36.30000        7.50000
       36.32000        8.70000
       36.34000       10.20000
       36.36000       11.10000
       36.38000        9.00000
       36.40000        7.50000
       36.42000        5.30000
       36.44000        6.20000
       36.46000        7.90000
       36.48000        9.70000
       36.50000       11.80000
       36.52000       13.50000
       36.54000       10.50000
       36.56000        7.70000
       36.58000        4.40000
       36.60000        1.20000
       36.62000       -2.10000
       36.64000       -4.20000
       36.66000       -6.80000
       36.68000       -8.70000
       36.70000      -12.00000
       36.72000      -15.90000
       36.74000      -19.80000
       36.76000      -23.30000
       36.78000      -25.80000
       36.80000      -27.00000
       36.82000      -27.80000
       36.84000      -28.70000
       36.86000      -27.80000
       36.88000      -27.00000
       36.90000      -25.80000
       36.92000      -25.10000
       36.94000      -21.90000
       36.96000      -17.30000
       36.98000      -12.90000
       37.00000      -10.90000
       37.02000      -10.50000
       37.04000       -9.50000
       37.06000       -9.10000
       37.08000       -7.20000
       37.10000       -5.90000
       37.12000       -4.00000
       37.14000       -2.30000
       37.16000        1.80000
       37.18000        3.50000
       37.20000        4.20000
       37.22000        4.80000
       37.24000        4.30000
       37.26000        4.30000
       37.28000        3.80000
       37.30000        3.60000
       37.32000        3.20000
       37.34000        4.70000
       37.36000        6.30000
       37.38000        8.50000
       37.40000       11.00000
       37.42000       13.40000
       37.44000       16.00000
       37.46000       18.10000
       37.48000       17.30000
       37.50000       16.80000
       37.52000       15.90000
       37.54000       14.70000
       37.56000       10.80000
       37.58000        6.80000
       37.60000        3.20000
       37.62000        0.90000
       37.64000        1.90000
       37.66000        2.80000
       37.68000        4.00000
       37.70000        5.40000
       37.72000        6.90000
       37.74000        9.50000
       37.76000       11.70000
       37.78000       14.30000
       37.80000       14.30000
       37.82000       12.50000
       37.84000       12.20000
       37.86000       12.40000
       37.88000       12.60000
       37.90000       13.00000
       37.92000       13.30000
       37.94000       10.60000
       37.96000        7.90000
       37.98000        4.60000
       38.00000        2.00000
       38.02000        0.50000
       38.04000       -1.10000
       38.06000       -2.50000
       38.08000       -1.10000
       38.10000        1.80000
       38.12000        4.30000
       38.14000        7.60000
       38.16000       10.30000
       38.18000       13.30000
       38.20000       10.10000
       38.22000        6.20000
       38.24000        1.80000
       38.26000       -2.70000
       38.28000       -8.00000
       38.30000       -8.90000
       38.32000       -5.40000
       38.34000       -3.00000
       38.36000        0.60000
       38.38000        1.20000
       38.40000        2.20000
       38.42000        2.70000
       38.44000        3.20000
       38.46000        4.80000
       38.48000        6.90000
       38.50000        8.90000
       38.52000       11.20000
       38.54000       13.30000
       38.56000       14.00000
       38.58000       13.70000
       38.60000       14.00000
       38.62000       13.50000
       38.64000       13.90000
       38.66000       10.20000
       38.68000        3.00000
       38.70000       -3.20000
       38.72000       -6.30000
       38.74000       -8.50000
       38.76000      -11.20000
       38.78000      -15.70000
       38.80000      -19.70000
       38.82000      -18.80000
       38.84000      -18.20000
       38.86000      -17.00000
       38.88000      -15.60000
       38.90000      -14.20000
       38.92000      -12.90000
       38.94000      -12.50000
       38.96000      -12.00000
       38.98000      -11.60000
       39.00000      -11.40000
       39.02000      -10.60000
       39.04000       -6.40000
       39.06000       -2.10000
       39.08000        0.20000
       39.10000       -0.40000
       39.12000       -0.40000
       39.14000       -1.40000
       39.16000       -1.90000
       39.18000       -0.80000
       39.20000        1.10000
       39.22000        2.70000
       39.24000        5.00000
       39.26000        5.30000
       39.28000        4.20000
       39.30000        3.00000
       39.32000        1.10000
       39.34000       -0.50000
       39.36000       -2.40000
       39.38000       -2.00000
       39.40000       -0.70000
       39.42000        0.40000
       39.44000        1.90000
       39.46000        3.30000
       39.48000        4.80000
       39.50000        5.70000
       39.52000        6.50000
       39.54000        7.40000
       39.56000        8.10000
       39.58000        9.10000
       39.60000       12.70000
       39.62000       16.90000
       39.64000       14.40000
       39.66000       10.50000
       39.68000        7.00000
       39.70000        3.50000
       39.72000        0.20000
       39.74000       -3.20000
       39.76000       -6.40000
       39.78000       -9.50000
       39.80000       -9.10000
       39.82000       -8.30000
       39.84000       -7.30000
       39.86000       -5.10000
       39.88000       -3.00000
       39.90000       -0.40000
       39.92000        3.30000
       39.94000        5.20000
       39.96000        4.40000
       39.98000        4.00000
       40.00000        3.00000
       40.02000        2.00000
       40.04000        1.00000
       40.06000        0.10000
       40.08000       -1.00000
       40.10000       -1.40000
       40.12000        0.20000
       40.14000        1.60000
       40.16000        3.00000
       40.18000        2.30000
       40.20000        1.60000
       40.22000        1.60000
       40.24000        2.60000
       40.26000        3.20000
       40.28000        4.50000
       40.30000        4.60000
       40.32000        2.10000
       40.34000       -0.30000
       40.36000       -3.00000
       40.38000       -6.00000
       40.40000       -8.70000
       40.42000      -11.60000
       40.44000      -10.70000
       40.46000       -9.40000
       40.48000       -7.80000
       40.50000       -6.80000
       40.52000       -6.30000
       40.54000       -5.70000
       40.56000       -5.00000
       40.58000       -4.10000
       40.60000       -3.30000
       40.62000       -2.40000
       40.64000       -1.40000
       40.66000       -0.50000
       40.68000        0.40000
       40.70000        1.30000
       40.72000        2.10000
       40.74000        0.10000
       40.76000       -1.80000
       40.78000       -4.00000
       40.80000       -6.40000
       40.82000       -8.70000
       40.84000      -11.00000
       40.86000      -12.90000
       40.88000      -15.10000
       40.90000      -16.50000
       40.92000      -17.40000
       40.94000      -18.40000
       40.96000      -19.40000
