#   T,  MAXX-1 ,   MAXY-1 ,   MAXA-1
     0.025     0.005     0.458    92.930
     0.050     0.029     2.143   256.358
     0.075     0.064     3.703   305.565
     0.100     0.141     6.418   397.562
     0.125     0.275    11.209   529.652
     0.150     0.325    12.372   570.625
     0.175     0.558    18.376   657.181
     0.200     0.646    18.154   619.813
     0.225     0.892    21.930   626.074
     0.250     1.429    34.169   917.602
     0.275     1.489    34.666   964.057
     0.300     1.580    33.258   895.260
     0.325     1.811    33.948   787.610
     0.350     1.866    32.951   631.294
     0.375     2.417    42.312   627.403
     0.400     2.443    35.497   553.303
     0.425     2.708    41.777   634.382
     0.450     4.138    51.147   753.976
     0.475     4.563    59.969   866.267
     0.500     5.158    70.303   967.501
     0.525     6.070    77.373  1018.813
     0.550     6.844    80.414  1102.999
     0.575     7.360    79.940  1117.707
     0.600     7.640    76.817  1079.016
     0.625     7.746    72.081  1009.348
     0.650     7.738    68.410   927.417
     0.675     7.658    68.939   854.314
     0.700     7.542    68.981   794.434
     0.725     7.807    68.792   735.377
     0.750     8.124    68.376   679.829
     0.775     8.428    67.748   629.027
     0.800     8.702    66.877   583.413
     0.825     9.758    68.615   578.936
     0.850    10.680    75.361   634.676
     0.875    10.652    78.670   669.607
     0.900    10.792    80.392   709.001
     0.925    11.647    83.476   687.304
     0.950    12.089    90.201   704.616
     0.975    12.313    92.506   728.364
     1.000    12.803    90.593   702.442
     1.025    12.973    84.924   672.637
     1.050    12.814    76.274   683.008
     1.075    12.336    67.778   664.912
     1.100    11.514    66.229   625.429
     1.125    11.180    66.348   572.438
     1.150    11.261    67.165   513.495
     1.175    11.743    66.691   474.762
     1.200    11.797    65.119   475.120
     1.225    11.539    63.246   475.960
     1.250    11.102    60.665   478.171
     1.275    10.518    57.533   479.520
     1.300     9.898    54.057   480.018
     1.325     9.327    50.425   479.698
     1.350     8.916    46.800   478.605
     1.375     8.730    44.559   476.797
     1.400     8.793    45.091   474.336
     1.425     9.076    45.629   471.292
     1.450     9.515    46.109   467.737
     1.475    10.042    46.497   463.740
     1.500    10.594    46.796   459.372
     1.525    11.125    48.073   454.699
     1.550    11.603    49.737   449.784
     1.575    12.008    51.031   444.685
     1.600    12.340    52.050   439.456
     1.625    12.609    52.700   434.145
     1.650    12.822    52.987   428.795
     1.675    13.000    52.992   423.446
     1.700    13.355    52.816   418.131
     1.725    13.753    52.620   412.879
     1.750    14.052    52.478   407.716
     1.775    14.241    52.404   402.662
     1.800    14.312    52.458   397.735
     1.825    14.263    52.672   392.950
     1.850    14.582    53.061   388.317
     1.875    14.987    53.615   383.846
     1.900    15.441    54.307   379.544
     1.925    15.937    55.176   375.413
     1.950    16.485    56.118   371.458
     1.975    17.061    59.075   367.680
     2.000    17.654    62.442   364.077
     2.025    18.259    63.995   360.649
     2.050    18.867    63.829   357.393
     2.075    19.472    62.110   354.306
     2.100    20.060    62.452   351.385
     2.125    20.615    64.022   354.805
     2.150    21.126    65.339   358.957
     2.175    21.824    66.366   362.889
     2.200    22.608    67.198   366.550
     2.225    23.338    67.777   369.896
     2.250    24.037    67.996   372.895
     2.275    24.671    67.847   375.520
     2.300    25.259    67.714   377.754
     2.325    25.773    67.820   379.585
     2.350    26.230    67.663   381.010
     2.375    26.605    68.174   382.029
     2.400    26.919    68.610   382.647
     2.425    27.146    69.700   382.876
     2.450    27.312    71.062   382.728
     2.475    27.409    72.629   382.219
     2.500    27.440    74.214   381.368
     2.525    27.422    75.679   380.195
     2.550    27.364    76.940   378.722
     2.575    27.263    77.994   376.971
     2.600    27.114    78.843   374.964
     2.625    26.917    79.628   372.725
     2.650    26.682    80.222   370.277
     2.675    26.423    80.622   367.642
     2.700    26.144    80.836   364.842
     2.725    25.854    80.870   361.898
     2.750    25.560    80.734   358.831
     2.775    26.417    80.437   355.660
     2.800    27.019    80.068   352.403
     2.825    27.372    79.595   349.079
     2.850    27.464    78.984   345.703
     2.875    27.302    78.247   342.291
     2.900    26.896    77.395   338.856
     2.925    26.253    76.436   335.412
     2.950    26.007    75.382   331.972
     2.975    25.858    74.242   328.544
     3.000    25.554    73.029   325.141
     3.025    25.110    71.821   321.770
     3.050    25.090    70.548   318.440
     3.075    25.151    69.222   315.697
     3.100    25.191    67.848   315.326
     3.125    25.192    66.612   315.382
     3.150    25.158    66.563   315.452
     3.175    25.120    66.465   315.537
     3.200    25.048    66.320   315.634
     3.225    24.943    66.132   315.743
     3.250    24.825    65.903   315.862
     3.275    24.689    65.637   315.992
     3.300    24.526    65.334   316.131
     3.325    24.336    64.999   316.278
     3.350    24.145    64.634   316.432
     3.375    23.932    64.240   316.594
     3.400    23.697    63.821   316.761
     3.425    23.449    63.378   316.935
     3.450    23.195    62.913   317.113
     3.475    22.924    62.429   317.297
     3.500    22.634    61.928   317.484
     3.525    22.346    61.433   317.675
     3.550    22.045    60.930   317.869
     3.575    21.731    60.412   318.066
     3.600    21.414    59.883   318.265
     3.625    21.091    59.342   318.466
     3.650    20.758    58.793   318.670
     3.675    20.424    58.235   318.874
     3.700    20.086    57.671   319.080
     3.725    19.739    57.101   319.287
     3.750    19.386    56.528   319.494
     3.775    19.038    55.951   319.702
     3.800    18.683    55.371   319.910
     3.825    18.323    54.791   320.118
     3.850    18.173    54.210   320.326
     3.875    18.175    53.630   320.534
     3.900    18.168    53.051   320.741
     3.925    18.154    52.473   320.947
     3.950    18.141    51.899   321.153
     3.975    18.123    51.327   321.358
     4.000    18.099    50.760   321.562
     4.025    18.067    50.196   321.765
     4.050    18.029    49.637   321.966
     4.075    17.985    49.084   322.167
     4.100    17.935    48.536   322.366
     4.125    17.881    47.994   322.563
     4.150    17.829    47.458   322.759
     4.175    17.772    46.929   322.954
     4.200    17.710    46.406   323.147
     4.225    17.643    45.891   323.338
     4.250    17.572    45.382   323.528
     4.275    17.496    44.882   323.715
     4.300    17.416    44.388   323.902
     4.325    17.332    43.903   324.086
     4.350    17.244    43.425   324.268
     4.375    17.159    42.956   324.449
     4.400    17.071    42.494   324.628
     4.425    16.980    42.041   324.805
     4.450    16.886    41.595   324.980
     4.475    16.788    41.158   325.153
     4.500    16.689    40.729   325.324
     4.525    16.592    40.308   325.493
     4.550    16.492    39.895   325.661
     4.575    16.391    39.491   325.826
     4.600    16.292    39.095   325.990
     4.625    16.190    38.709   326.152
     4.650    16.086    38.412   326.311
     4.675    15.982    38.114   326.469
     4.700    16.010    37.818   326.625
     4.725    16.375    37.522   326.779
     4.750    16.719    37.227   326.931
     4.775    17.035    36.933   327.082
     4.800    17.316    36.641   327.230
     4.825    17.570    36.350   327.377
     4.850    17.840    36.061   327.522
     4.875    18.075    35.775   327.665
     4.900    18.267    35.490   327.806
     4.925    18.419    35.209   327.945
     4.950    18.534    34.952   328.083
     4.975    18.614    35.017   328.219
     5.000    18.662    35.080   328.353
