#   T,  MAXX-1 ,   MAXY-1 ,   MAXA-1
     0.025     0.008     0.221    21.988
     0.050     0.034     0.951    84.233
     0.075     0.086     2.844   196.398
     0.100     0.170     5.065   305.878
     0.125     0.289     7.720   369.981
     0.150     0.399     9.103   380.432
     0.175     0.662    15.097   544.439
     0.200     1.448    34.393   986.884
     0.225     2.160    54.260  1379.147
     0.250     2.297    53.138  1266.865
     0.275     2.402    47.208  1032.475
     0.300     2.835    54.682  1198.480
     0.325     3.102    56.910  1180.708
     0.350     3.150    51.060   954.711
     0.375     4.115    60.823   959.387
     0.400     6.306    92.658  1360.386
     0.425     9.492   135.225  1903.576
     0.450    11.172   154.231  2087.083
     0.475    12.583   168.114  2225.459
     0.500    12.664   156.110  2147.840
     0.525    11.160   134.271  1845.490
     0.550     9.272   112.434  1473.026
     0.575     7.832    91.708  1171.701
     0.600     7.677    89.327  1079.287
     0.625     7.700    88.296  1053.973
     0.650     9.272    91.621  1130.328
     0.675    10.433   107.997  1152.053
     0.700    10.189   110.871  1127.496
     0.725     9.140   100.724  1119.025
     0.750     8.960    85.215  1029.802
     0.775     9.123    85.351   919.693
     0.800     9.190    84.834   841.441
     0.825     9.653    83.453   811.188
     0.850    10.198    82.035   779.506
     0.875    10.575    78.268   764.649
     0.900    10.497    74.564   776.799
     0.925     9.843    72.183   787.678
     0.950     8.713    66.642   790.059
     0.975     8.030    61.814   779.899
     1.000     7.511    64.219   758.525
     1.025     7.418    64.840   726.107
     1.050     7.701    63.692   686.293
     1.075     8.229    60.666   644.289
     1.100     8.666    56.373   605.170
     1.125     8.707    53.306   572.942
     1.150     8.252    55.089   550.017
     1.175     8.015    54.870   537.100
     1.200     7.736    52.937   533.431
     1.225     7.213    50.150   537.226
     1.250     7.026    47.528   546.535
     1.275     7.737    45.933   558.493
     1.300     8.489    45.906   570.708
     1.325     9.456    47.524   581.447
     1.350    10.037    50.360   589.588
     1.375    10.116    53.807   594.723
     1.400     9.720    57.252   596.120
     1.425    10.203    60.119   593.746
     1.450    11.128    61.906   587.852
     1.475    11.912    62.534   578.888
     1.500    12.515    61.762   567.435
     1.525    12.903    59.844   554.144
     1.550    13.061    56.856   539.685
     1.575    12.993    53.525   530.741
     1.600    12.719    52.132   537.933
     1.625    12.620    52.349   544.624
     1.650    12.593    52.346   550.779
     1.675    12.261    52.136   556.372
     1.700    11.801    51.733   561.391
     1.725    11.338    52.672   565.828
     1.750    10.978    54.186   569.687
     1.775    10.771    55.323   572.974
     1.800    10.698    56.076   575.704
     1.825    10.687    56.539   577.894
     1.850    10.667    56.645   579.566
     1.875    10.607    56.398   580.743
     1.900    11.426    55.818   581.452
     1.925    12.436    54.932   581.721
     1.950    13.540    53.825   581.580
     1.975    14.694    52.492   581.059
     2.000    15.865    50.939   580.189
     2.025    17.010    52.688   579.000
     2.050    18.107    54.620   577.523
     2.075    19.132    58.479   575.788
     2.100    20.063    62.794   573.825
     2.125    20.885    66.504   571.661
     2.150    21.590    69.511   569.324
     2.175    22.171    71.754   566.839
     2.200    23.095    73.306   564.232
     2.225    24.598    73.999   561.524
     2.250    25.794    73.745   558.739
     2.275    26.676    74.606   555.894
     2.300    27.307    77.225   553.010
     2.325    27.662    79.952   550.102
     2.350    27.655    82.303   547.185
     2.375    27.298    83.107   548.819
     2.400    26.985    82.401   551.044
     2.425    27.069    80.329   552.799
     2.450    27.067    78.349   554.111
     2.475    27.144    77.807   555.005
     2.500    27.134    77.012   555.511
     2.525    27.035    76.030   555.659
     2.550    26.843    74.887   555.480
     2.575    26.560    73.577   555.005
     2.600    26.197    72.135   554.265
     2.625    25.764    70.627   553.290
     2.650    25.267    69.031   552.107
     2.675    24.720    67.829   550.746
     2.700    24.130    67.119   549.231
     2.725    23.508    66.207   547.589
     2.750    22.865    65.175   545.840
     2.775    22.200    63.997   544.008
     2.800    21.524    62.708   542.111
     2.825    20.839    61.338   540.167
     2.850    20.153    59.921   538.193
     2.875    19.474    58.505   536.204
     2.900    18.891    57.075   534.212
     2.925    18.638    55.651   532.230
     2.950    18.384    54.246   530.267
     2.975    18.124    52.875   528.333
     3.000    17.868    51.546   526.435
     3.025    17.611    50.268   524.581
     3.050    17.356    49.220   522.776
     3.075    17.111    49.282   521.024
     3.100    16.872    49.306   519.330
     3.125    16.641    49.296   517.696
     3.150    16.421    49.255   516.124
     3.175    16.214    49.187   514.617
     3.200    16.019    49.094   513.175
     3.225    15.836    48.978   511.799
     3.250    15.667    48.844   510.490
     3.275    15.512    48.692   509.245
     3.300    15.372    48.526   508.065
     3.325    15.246    48.349   506.950
     3.350    15.135    48.161   505.896
     3.375    15.036    47.970   504.904
     3.400    14.952    47.775   503.971
     3.425    14.880    47.575   503.096
     3.450    14.822    47.372   502.276
     3.475    14.775    47.167   501.510
     3.500    14.739    46.962   500.795
     3.525    14.715    46.756   500.130
     3.550    14.701    46.553   499.511
     3.575    14.697    46.352   498.937
     3.600    14.701    46.155   498.406
     3.625    14.712    45.963   497.914
     3.650    14.731    45.776   497.461
     3.675    14.755    45.594   497.044
     3.700    14.785    45.420   496.661
     3.725    14.819    45.252   496.310
     3.750    14.858    45.091   495.988
     3.775    14.900    44.938   495.694
     3.800    14.945    44.794   495.426
     3.825    14.991    44.657   495.182
     3.850    15.038    44.529   494.960
     3.875    15.085    44.410   494.760
     3.900    15.132    44.299   494.578
     3.925    15.180    44.198   494.414
     3.950    15.226    44.105   494.265
     3.975    15.270    44.021   494.132
     4.000    15.312    43.945   494.012
     4.025    15.351    43.879   493.903
     4.050    15.386    43.821   493.806
     4.075    15.421    43.771   493.719
     4.100    15.451    43.730   493.640
     4.125    15.476    43.697   493.569
     4.150    15.497    43.672   493.505
     4.175    15.513    43.655   493.447
     4.200    15.525    43.646   493.394
     4.225    15.533    43.644   493.345
     4.250    15.535    43.649   493.300
     4.275    15.532    43.662   493.258
     4.300    15.522    43.681   493.218
     4.325    15.508    43.707   493.180
     4.350    15.489    43.739   493.144
     4.375    15.464    43.777   493.108
     4.400    15.434    43.821   493.073
     4.425    15.396    43.871   493.037
     4.450    15.354    43.926   493.001
     4.475    15.307    43.986   492.965
     4.500    15.255    44.051   492.927
     4.525    15.195    44.121   492.889
     4.550    15.130    44.195   492.848
     4.575    15.061    44.274   492.806
     4.600    14.986    44.356   492.762
     4.625    14.906    44.443   492.716
     4.650    14.820    44.532   492.667
     4.675    14.729    44.642   492.616
     4.700    14.633    44.755   492.563
     4.725    14.532    44.862   492.507
     4.750    14.427    44.963   492.448
     4.775    14.317    45.058   492.387
     4.800    14.201    45.147   492.322
     4.825    14.081    45.243   492.255
     4.850    13.956    45.354   492.185
     4.875    13.828    45.467   492.113
     4.900    13.697    45.581   492.037
     4.925    13.655    45.697   491.958
     4.950    13.740    45.815   491.877
     4.975    13.824    45.933   491.793
     5.000    13.905    46.053   491.706
